<?xml version="1.0" encoding="UTF-8"?>
<!-- Generated by org.testng.reporters.JUnitXMLReporter -->
<testsuite hostname="MSTSYS0194" ignored="0" name=" Smoke Test Candidates" tests="1" failures="0" timestamp="17 Dec 2018 05:56:44 GMT" time="3.944" errors="0">
  <testcase name="@BeforeTest browserSetup" time="3.892" classname="com.automationtraining.basetest.FailedBaseTest">
    <failure type="java.lang.NullPointerException" message="null value in entry: url=null">
      <![CDATA[java.lang.NullPointerException: null value in entry: url=null
at com.google.common.collect.CollectPreconditions.checkEntryNotNull(CollectPreconditions.java:34)
at com.google.common.collect.SingletonImmutableBiMap.<init>(SingletonImmutableBiMap.java:42)
at com.google.common.collect.ImmutableBiMap.of(ImmutableBiMap.java:73)
at com.google.common.collect.ImmutableMap.of(ImmutableMap.java:120)
at org.openqa.selenium.remote.RemoteWebDriver.get(RemoteWebDriver.java:364)
at org.openqa.selenium.remote.RemoteWebDriver$RemoteNavigation.to(RemoteWebDriver.java:945)
at com.automationtraining.basetest.FailedBaseTest.browserSetup(FailedBaseTest.java:44)
... Removed 24 stack frames]]>
    </failure>
  </testcase> <!-- @BeforeTest browserSetup -->
  <testcase name="@AfterTest browserClose" time="0.0" classname="com.automationtraining.basetest.FailedBaseTest">
    <skipped/>
  </testcase> <!-- @AfterTest browserClose -->
  <testcase name="formFilling101" time="0.0" classname="com.automationtraining.smokesuite.Failedform101">
    <skipped/>
  </testcase> <!-- formFilling101 -->
</testsuite> <!--  Smoke Test Candidates -->
