<?xml version="1.0" encoding="UTF-8"?>
<testng-results skipped="0" failed="1" ignored="0" total="1" passed="0">
  <reporter-output>
  </reporter-output>
  <suite name="smokesuite" duration-ms="14840" started-at="2018-12-03T12:57:59Z" finished-at="2018-12-03T12:58:14Z">
    <groups>
    </groups>
    <test name=" Smoke Test Candidates" duration-ms="14840" started-at="2018-12-03T12:57:59Z" finished-at="2018-12-03T12:58:14Z">
      <class name="com.automationtraining.smokesuite.Form101">
        <test-method status="PASS" signature="browserSetup()[pri:0, instance:com.automationtraining.smokesuite.Form101@dbd940d]" name="browserSetup" is-config="true" duration-ms="14758" started-at="2018-12-03T12:57:59Z" finished-at="2018-12-03T12:58:13Z">
          <reporter-output>
          </reporter-output>
        </test-method> <!-- browserSetup -->
        <test-method status="FAIL" signature="formFilling101()[pri:0, instance:com.automationtraining.smokesuite.Form101@dbd940d]" name="formFilling101" duration-ms="26" started-at="2018-12-03T12:58:13Z" finished-at="2018-12-03T12:58:14Z">
          <exception class="java.io.FileNotFoundException">
            <message>
              <![CDATA[C:\Users\MSTEMP194\Desktop\Automationautomation.xlsx (The system cannot find the file specified)]]>
            </message>
            <full-stacktrace>
              <![CDATA[java.io.FileNotFoundException: C:\Users\MSTEMP194\Desktop\Automationautomation.xlsx (The system cannot find the file specified)
at java.io.FileInputStream.open0(Native Method)
at java.io.FileInputStream.open(Unknown Source)
at java.io.FileInputStream.<init>(Unknown Source)
at com.automationtraining.utilities.ExcelUtilities.selectSheet(ExcelUtilities.java:22)
at com.automationtraining.utilities.ExcelUtilities.excelData(ExcelUtilities.java:44)
at com.automationtraining.pageobject.Form101pagebackup.formFilling(Form101pagebackup.java:163)
at com.automationtraining.smokesuite.Form101.formFilling101(Form101.java:26)
at sun.reflect.NativeMethodAccessorImpl.invoke0(Native Method)
at sun.reflect.NativeMethodAccessorImpl.invoke(Unknown Source)
at sun.reflect.DelegatingMethodAccessorImpl.invoke(Unknown Source)
at java.lang.reflect.Method.invoke(Unknown Source)
at org.testng.internal.MethodInvocationHelper.invokeMethod(MethodInvocationHelper.java:124)
at org.testng.internal.Invoker.invokeMethod(Invoker.java:580)
at org.testng.internal.Invoker.invokeTestMethod(Invoker.java:716)
at org.testng.internal.Invoker.invokeTestMethods(Invoker.java:988)
at org.testng.internal.TestMethodWorker.invokeTestMethods(TestMethodWorker.java:125)
at org.testng.internal.TestMethodWorker.run(TestMethodWorker.java:109)
at org.testng.TestRunner.privateRun(TestRunner.java:648)
at org.testng.TestRunner.run(TestRunner.java:505)
at org.testng.SuiteRunner.runTest(SuiteRunner.java:455)
at org.testng.SuiteRunner.runSequentially(SuiteRunner.java:450)
at org.testng.SuiteRunner.privateRun(SuiteRunner.java:415)
at org.testng.SuiteRunner.run(SuiteRunner.java:364)
at org.testng.SuiteRunnerWorker.runSuite(SuiteRunnerWorker.java:52)
at org.testng.SuiteRunnerWorker.run(SuiteRunnerWorker.java:84)
at org.testng.TestNG.runSuitesSequentially(TestNG.java:1208)
at org.testng.TestNG.runSuitesLocally(TestNG.java:1137)
at org.testng.TestNG.runSuites(TestNG.java:1049)
at org.testng.TestNG.run(TestNG.java:1017)
at org.testng.remote.AbstractRemoteTestNG.run(AbstractRemoteTestNG.java:114)
at org.testng.remote.RemoteTestNG.initAndRun(RemoteTestNG.java:251)
at org.testng.remote.RemoteTestNG.main(RemoteTestNG.java:77)
]]>
            </full-stacktrace>
          </exception> <!-- java.io.FileNotFoundException -->
          <reporter-output>
          </reporter-output>
        </test-method> <!-- formFilling101 -->
      </class> <!-- com.automationtraining.smokesuite.Form101 -->
    </test> <!--  Smoke Test Candidates -->
  </suite> <!-- smokesuite -->
</testng-results>
