<?xml version="1.0" encoding="UTF-8"?>
<!-- Generated by org.testng.reporters.JUnitXMLReporter -->
<testsuite hostname="MSTSYS0194" ignored="0" name=" Smoke Test Candidates validation" tests="1" failures="0" timestamp="07 Jan 2019 10:16:39 GMT" time="51.904" errors="0">
  <testcase name="@BeforeMethod browserSetup" time="51.896" classname="com.automationtraining.basetest.BaseTest">
    <failure type="java.lang.NoClassDefFoundError" message="org/openqa/selenium/WrapsElement">
      <![CDATA[java.lang.NoClassDefFoundError: org/openqa/selenium/WrapsElement
at org.openqa.selenium.support.pagefactory.DefaultFieldDecorator.proxyForLocator(DefaultFieldDecorator.java:101)
at org.openqa.selenium.support.pagefactory.DefaultFieldDecorator.decorate(DefaultFieldDecorator.java:62)
at org.openqa.selenium.support.PageFactory.proxyFields(PageFactory.java:113)
at org.openqa.selenium.support.PageFactory.initElements(PageFactory.java:105)
at org.openqa.selenium.support.PageFactory.initElements(PageFactory.java:92)
at org.openqa.selenium.support.PageFactory.initElements(PageFactory.java:79)
at com.automationtraining.abstractclasses.Driverclass.<init>(Driverclass.java:28)
at com.automationtraining.pageobject.Loginpages.<init>(Loginpages.java:38)
at com.automationtraining.basetest.BaseTest.browserSetup(BaseTest.java:63)
... Removed 28 stack frames]]>
    </failure>
  </testcase> <!-- @BeforeMethod browserSetup -->
  <testcase name="formFilling101" time="0.0" classname="com.automationtraining.smokesuite.Form101validation">
    <skipped/>
  </testcase> <!-- formFilling101 -->
</testsuite> <!--  Smoke Test Candidates validation -->
