<?xml version="1.0" encoding="UTF-8"?>
<!-- Generated by org.testng.reporters.JUnitXMLReporter -->
<testsuite hostname="MSTSYS0194" ignored="0" name="Firefox Test" tests="1" failures="0" timestamp="07 Jan 2019 10:19:36 GMT" time="0.019" errors="0">
  <testcase name="@BeforeMethod browserSetup" time="0.0" classname="com.automationtraining.basetest.BaseTest">
    <failure type="org.testng.TestNGException" message="
Parameter &amp;apos;env&amp;apos; is required by BeforeMethod on method browserSetup but has not been marked @Optional or defined
in C:\Users\MSTEMP194\git\automationtraining\automationtraining\regressionsuite.xml">
      <![CDATA[org.testng.TestNGException: 
Parameter 'env' is required by BeforeMethod on method browserSetup but has not been marked @Optional or defined
in C:\Users\MSTEMP194\git\automationtraining\automationtraining\regressionsuite.xml
... Removed 25 stack frames]]>
    </failure>
  </testcase> <!-- @BeforeMethod browserSetup -->
  <testcase name="formFilling101" time="0.0" classname="com.automationtraining.smokesuite.Form101">
    <skipped/>
  </testcase> <!-- formFilling101 -->
</testsuite> <!-- Firefox Test -->
